Run Stats for experiment at: 04-05-2017 19:36:02
3181.0
3546.0
3429.0
3487.0
3317.0
3190.0
3162.0
3380.0
3593.0
3296.0
3335.0
3621.0
3167.0
3599.0
2890.0
3387.0
3710.0
2982.0
3246.0
3163.0
3165.0
4086.0
3095.0
3465.0
3077.0
3642.0
3521.0
3679.0
3744.0
3364.0
2828.0
3554.0
3312.0
3207.0
3524.0
3506.0
3569.0
3318.0
2998.0
3474.0
3719.0
3357.0
3362.0
3781.0
3255.0
3474.0
3059.0
3872.0
3180.0
3484.0
3589.0
3364.0
3178.0
3737.0
2730.0
3346.0
3537.0
3253.0
3548.0
3388.0
3140.0
3419.0
3675.0
3684.0
3463.0
3429.0
3832.0
3188.0
3470.0
3288.0
2825.0
3297.0
3428.0
3262.0
3180.0
3553.0
3452.0
3019.0
3443.0
3118.0
3782.0
3941.0
3291.0
3526.0
3547.0
3442.0
4109.0
3420.0
3834.0
3447.0
3295.0
2924.0
3501.0
3123.0
3806.0
3187.0
3675.0
3124.0
3752.0
3591.0
Run Stats for experiment at: 04-05-2017 19:36:37
2982.0
3601.0
3873.0
3364.0
3593.0
3515.0
3370.0
3615.0
3575.0
3331.0
3645.0
3788.0
3708.0
3489.0
3552.0
2968.0
3695.0
3210.0
3669.0
3509.0
3692.0
3518.0
3588.0
3261.0
3822.0
3258.0
3362.0
3507.0
3959.0
3428.0
3364.0
3312.0
3286.0
3445.0
3666.0
3228.0
2856.0
3224.0
3244.0
3308.0
3674.0
3697.0
3313.0
3664.0
3222.0
4028.0
3317.0
3400.0
4369.0
3560.0
3759.0
3455.0
3542.0
3464.0
3731.0
3271.0
3410.0
3330.0
3512.0
3175.0
3245.0
3798.0
3708.0
3454.0
3622.0
3414.0
3291.0
3511.0
3682.0
3400.0
4055.0
3669.0
3534.0
3029.0
3249.0
3665.0
2845.0
3227.0
2864.0
3107.0
3827.0
3240.0
3489.0
3172.0
3885.0
3620.0
3695.0
3767.0
3519.0
3609.0
3471.0
3495.0
3720.0
3206.0
3212.0
3163.0
3686.0
3850.0
3310.0
3633.0
Run Stats for experiment at: 04-05-2017 19:36:44
2873.0
3289.0
3499.0
3479.0
3127.0
3151.0
3344.0
3464.0
4144.0
3504.0
3586.0
3237.0
3373.0
3867.0
3684.0
3863.0
4003.0
3691.0
3881.0
3787.0
3686.0
3231.0
3932.0
3534.0
3758.0
3072.0
3974.0
3661.0
3336.0
3520.0
3365.0
3098.0
3487.0
3540.0
3046.0
3513.0
3595.0
3322.0
3078.0
3484.0
3424.0
3510.0
4076.0
4014.0
3746.0
3029.0
3591.0
3348.0
3589.0
3365.0
3935.0
3591.0
3708.0
3614.0
3329.0
3588.0
3901.0
3469.0
3325.0
3417.0
3908.0
3158.0
3140.0
3695.0
3414.0
3902.0
3156.0
3454.0
3516.0
3569.0
3669.0
3625.0
3091.0
3288.0
3991.0
3286.0
2992.0
2977.0
3230.0
3122.0
3786.0
3411.0
3604.0
3671.0
3539.0
3374.0
3410.0
3666.0
3562.0
3613.0
3452.0
3202.0
3199.0
3640.0
3424.0
3990.0
3410.0
3977.0
3302.0
3347.0
Run Stats for experiment at: 04-05-2017 19:36:49
3247.0
3261.0
3228.0
3488.0
3553.0
3578.0
3156.0
3557.0
3422.0
3369.0
3420.0
3459.0
3180.0
3614.0
3634.0
3969.0
3382.0
3195.0
3344.0
3353.0
3514.0
3596.0
3093.0
3609.0
3613.0
3561.0
3337.0
3457.0
3408.0
3137.0
3815.0
3401.0
3748.0
3596.0
3680.0
3741.0
4174.0
3497.0
3382.0
2951.0
3100.0
3546.0
3307.0
3381.0
3398.0
3443.0
3477.0
3297.0
3161.0
3457.0
3585.0
3474.0
3434.0
3543.0
3297.0
3296.0
3482.0
3120.0
3772.0
3117.0
2983.0
3423.0
3078.0
3187.0
3218.0
3238.0
3463.0
3301.0
3606.0
3250.0
3681.0
3531.0
3607.0
3520.0
3688.0
3471.0
3604.0
3694.0
3238.0
3227.0
3609.0
3343.0
3471.0
3598.0
3428.0
3415.0
3791.0
3957.0
3212.0
4195.0
4021.0
3687.0
3292.0
2993.0
3463.0
3120.0
3481.0
3124.0
3787.0
3204.0
Run Stats for experiment at: 04-05-2017 19:36:53
2960.0
3338.0
3484.0
3465.0
3531.0
3692.0
3421.0
3544.0
2794.0
2980.0
3330.0
3492.0
3409.0
3517.0
3171.0
3403.0
3376.0
3861.0
3521.0
3431.0
3058.0
3437.0
3607.0
3339.0
3885.0
3043.0
3291.0
3150.0
2966.0
3749.0
3541.0
3911.0
3108.0
3172.0
3599.0
3158.0
3337.0
3783.0
3042.0
3533.0
3192.0
3403.0
3754.0
3731.0
3353.0
3422.0
4037.0
3170.0
3346.0
3483.0
3434.0
3290.0
3914.0
3181.0
3320.0
3403.0
3716.0
3665.0
3980.0
3726.0
3570.0
3677.0
3474.0
3265.0
3583.0
3168.0
3537.0
3311.0
3548.0
3498.0
3589.0
3362.0
3497.0
3056.0
3683.0
3329.0
3255.0
3033.0
3374.0
3107.0
3344.0
3441.0
3568.0
3922.0
3487.0
3512.0
3538.0
3339.0
3320.0
3813.0
3448.0
3348.0
3390.0
3290.0
3749.0
3568.0
3418.0
3341.0
3911.0
3928.0
Run Stats for experiment at: 04-05-2017 19:37:19
2886.0
2974.0
3410.0
3158.0
3679.0
3585.0
3344.0
3844.0
3778.0
3639.0
3459.0
3408.0
3410.0
3314.0
3260.0
3618.0
3153.0
3876.0
3405.0
3251.0
3160.0
3606.0
3706.0
3106.0
3489.0
3512.0
3366.0
3463.0
3458.0
3189.0
3632.0
4006.0
3558.0
3183.0
3326.0
3577.0
3251.0
3206.0
3559.0
3975.0
3145.0
3651.0
3505.0
3682.0
3478.0
2898.0
3489.0
3893.0
3509.0
3590.0
3192.0
3586.0
3784.0
3378.0
3241.0
3361.0
3797.0
3172.0
3630.0
3415.0
3535.0
3444.0
3696.0
3848.0
3132.0
3812.0
3554.0
3431.0
3256.0
3141.0
3333.0
3112.0
3531.0
3351.0
3611.0
3408.0
3866.0
3756.0
3395.0
3309.0
3145.0
3611.0
3306.0
2994.0
3417.0
3297.0
3003.0
3497.0
3191.0
3621.0
3421.0
3638.0
3011.0
3511.0
3525.0
3326.0
3108.0
3826.0
3730.0
3359.0
Run Stats for experiment at: 04-05-2017 19:37:26
3153.0
3479.0
3410.0
3426.0
3054.0
3269.0
2982.0
3620.0
3536.0
3332.0
2953.0
3714.0
3197.0
3221.0
3702.0
3917.0
3456.0
3493.0
3346.0
3038.0
3851.0
3653.0
3433.0
3381.0
3201.0
3162.0
3584.0
3007.0
3334.0
3500.0
3050.0
3467.0
3112.0
3476.0
3611.0
3601.0
2974.0
3595.0
3739.0
3829.0
2776.0
3352.0
3611.0
3269.0
3290.0
3792.0
3498.0
3608.0
3472.0
3262.0
3550.0
3520.0
3228.0
3623.0
3512.0
3623.0
3691.0
3634.0
3488.0
3383.0
3282.0
3326.0
3744.0
3190.0
2889.0
3751.0
3685.0
3171.0
3633.0
3559.0
3412.0
3889.0
3690.0
4032.0
3250.0
3935.0
3294.0
3652.0
3448.0
3393.0
3547.0
3868.0
3219.0
3047.0
3664.0
3071.0
3249.0
3628.0
3885.0
3431.0
3502.0
3398.0
3118.0
3579.0
3448.0
3512.0
3214.0
3447.0
3442.0
3218.0
Run Stats for experiment at: 04-07-2017 18:41:55
2989.0
3550.0
3278.0
3386.0
2930.0
3329.0
3411.0
3622.0
4053.0
3288.0
3487.0
3212.0
3834.0
3654.0
3230.0
3415.0
3762.0
3324.0
3255.0
3053.0
3013.0
3620.0
3318.0
3504.0
3305.0
3843.0
3470.0
3544.0
3417.0
3899.0
3361.0
3030.0
3467.0
3383.0
3184.0
3639.0
3741.0
3393.0
3234.0
3286.0
3691.0
3330.0
3928.0
3385.0
3808.0
3580.0
3221.0
3849.0
2914.0
3833.0
3470.0
3964.0
3278.0
3143.0
3879.0
3451.0
3796.0
3715.0
3639.0
3668.0
4132.0
3501.0
3892.0
3195.0
3984.0
3124.0
3708.0
3562.0
3545.0
3983.0
3577.0
3720.0
3631.0
3665.0
3221.0
3471.0
3500.0
3482.0
3250.0
3009.0
3599.0
3406.0
3604.0
3661.0
3339.0
3237.0
3386.0
3478.0
3771.0
3611.0
3381.0
3468.0
4352.0
3567.0
3741.0
3281.0
3276.0
3592.0
3693.0
4051.0
